d:\usuarios\jgenoss\documents\github\muemu-reworked\server source\dataserver\release\dataserver_ex603\dataserver.pch
d:\usuarios\jgenoss\documents\github\muemu-reworked\server source\dataserver\release\dataserver_ex603\vc143.pdb
d:\usuarios\jgenoss\documents\github\muemu-reworked\server source\dataserver\release\dataserver_ex603\stdafx.obj
d:\usuarios\jgenoss\documents\github\muemu-reworked\server source\dataserver\release\dataserver_ex603\luckyitem.obj
d:\usuarios\jgenoss\documents\github\muemu-reworked\server source\dataserver\release\dataserver_ex603\luckycoin.obj
d:\usuarios\jgenoss\documents\github\muemu-reworked\server source\dataserver\release\dataserver_ex603\log.obj
d:\usuarios\jgenoss\documents\github\muemu-reworked\server source\dataserver\release\dataserver_ex603\helper.obj
d:\usuarios\jgenoss\documents\github\muemu-reworked\server source\dataserver\release\dataserver_ex603\guildmatching.obj
d:\usuarios\jgenoss\documents\github\muemu-reworked\server source\dataserver\release\dataserver_ex603\guildmanager.obj
d:\usuarios\jgenoss\documents\github\muemu-reworked\server source\dataserver\release\dataserver_ex603\genssystem.obj
d:\usuarios\jgenoss\documents\github\muemu-reworked\server source\dataserver\release\dataserver_ex603\eventinventory.obj
d:\usuarios\jgenoss\documents\github\muemu-reworked\server source\dataserver\release\dataserver_ex603\esprotocol.obj
d:\usuarios\jgenoss\documents\github\muemu-reworked\server source\dataserver\release\dataserver_ex603\dataserverprotocol.obj
d:\usuarios\jgenoss\documents\github\muemu-reworked\server source\dataserver\release\dataserver_ex603\dataserver.obj
d:\usuarios\jgenoss\documents\github\muemu-reworked\server source\dataserver\release\dataserver_ex603\csprotocol.obj
d:\usuarios\jgenoss\documents\github\muemu-reworked\server source\dataserver\release\dataserver_ex603\criticalsection.obj
d:\usuarios\jgenoss\documents\github\muemu-reworked\server source\dataserver\release\dataserver_ex603\commandmanager.obj
d:\usuarios\jgenoss\documents\github\muemu-reworked\server source\dataserver\release\dataserver_ex603\charactermanager.obj
d:\usuarios\jgenoss\documents\github\muemu-reworked\server source\dataserver\release\dataserver_ex603\castledbset.obj
d:\usuarios\jgenoss\documents\github\muemu-reworked\server source\dataserver\release\dataserver_ex603\cashshop.obj
d:\usuarios\jgenoss\documents\github\muemu-reworked\server source\dataserver\release\dataserver_ex603\badsyntax.obj
d:\usuarios\jgenoss\documents\github\muemu-reworked\server source\dataserver\release\dataserver_ex603\arcabattle.obj
d:\usuarios\jgenoss\documents\github\muemu-reworked\server source\dataserver\release\dataserver_ex603\allowableiplist.obj
d:\usuarios\jgenoss\documents\github\muemu-reworked\server source\dataserver\release\dataserver_ex603\warehouse.obj
d:\usuarios\jgenoss\documents\github\muemu-reworked\server source\dataserver\release\dataserver_ex603\util.obj
d:\usuarios\jgenoss\documents\github\muemu-reworked\server source\dataserver\release\dataserver_ex603\socketmanager.obj
d:\usuarios\jgenoss\documents\github\muemu-reworked\server source\dataserver\release\dataserver_ex603\servermanager.obj
d:\usuarios\jgenoss\documents\github\muemu-reworked\server source\dataserver\release\dataserver_ex603\serverdisplayer.obj
d:\usuarios\jgenoss\documents\github\muemu-reworked\server source\dataserver\release\dataserver_ex603\queue.obj
d:\usuarios\jgenoss\documents\github\muemu-reworked\server source\dataserver\release\dataserver_ex603\questworld.obj
d:\usuarios\jgenoss\documents\github\muemu-reworked\server source\dataserver\release\dataserver_ex603\quest.obj
d:\usuarios\jgenoss\documents\github\muemu-reworked\server source\dataserver\release\dataserver_ex603\querymanager.obj
d:\usuarios\jgenoss\documents\github\muemu-reworked\server source\dataserver\release\dataserver_ex603\personalshop.obj
d:\usuarios\jgenoss\documents\github\muemu-reworked\server source\dataserver\release\dataserver_ex603\pentagramsystem.obj
d:\usuarios\jgenoss\documents\github\muemu-reworked\server source\dataserver\release\dataserver_ex603\pcpoint.obj
d:\usuarios\jgenoss\documents\github\muemu-reworked\server source\dataserver\release\dataserver_ex603\partymatching.obj
d:\usuarios\jgenoss\documents\github\muemu-reworked\server source\dataserver\release\dataserver_ex603\npctalk.obj
d:\usuarios\jgenoss\documents\github\muemu-reworked\server source\dataserver\release\dataserver_ex603\muunsystem.obj
d:\usuarios\jgenoss\documents\github\muemu-reworked\server source\dataserver\release\dataserver_ex603\murummy.obj
d:\usuarios\jgenoss\documents\github\muemu-reworked\server source\dataserver\release\dataserver_ex603\minidump.obj
d:\usuarios\jgenoss\documents\github\muemu-reworked\server source\dataserver\release\dataserver_ex603\memscript.obj
d:\usuarios\jgenoss\documents\github\muemu-reworked\server source\dataserver\release\dataserver_ex603\masterskilltree.obj
d:\usuarios\jgenoss\documents\github\muemu-reworked\server source\release\dataserver_ex603\dataserver.exe
d:\usuarios\jgenoss\documents\github\muemu-reworked\server source\release\dataserver_ex603\dataserver.pdb
d:\usuarios\jgenoss\documents\github\muemu-reworked\server source\dataserver\release\dataserver_ex603\dataserver.res
d:\usuarios\jgenoss\documents\github\muemu-reworked\server source\dataserver\release\dataserver_ex603\dataserver.ipdb
d:\usuarios\jgenoss\documents\github\muemu-reworked\server source\dataserver\release\dataserver_ex603\dataserver.iobj
d:\usuarios\jgenoss\documents\github\muemu-reworked\server source\dataserver\release\dataserver_ex603\dataserver.tlog\cl.command.1.tlog
d:\usuarios\jgenoss\documents\github\muemu-reworked\server source\dataserver\release\dataserver_ex603\dataserver.tlog\cl.items.tlog
d:\usuarios\jgenoss\documents\github\muemu-reworked\server source\dataserver\release\dataserver_ex603\dataserver.tlog\cl.read.1.tlog
d:\usuarios\jgenoss\documents\github\muemu-reworked\server source\dataserver\release\dataserver_ex603\dataserver.tlog\cl.write.1.tlog
d:\usuarios\jgenoss\documents\github\muemu-reworked\server source\dataserver\release\dataserver_ex603\dataserver.tlog\link.command.1.tlog
d:\usuarios\jgenoss\documents\github\muemu-reworked\server source\dataserver\release\dataserver_ex603\dataserver.tlog\link.read.1.tlog
d:\usuarios\jgenoss\documents\github\muemu-reworked\server source\dataserver\release\dataserver_ex603\dataserver.tlog\link.secondary.1.tlog
d:\usuarios\jgenoss\documents\github\muemu-reworked\server source\dataserver\release\dataserver_ex603\dataserver.tlog\link.write.1.tlog
d:\usuarios\jgenoss\documents\github\muemu-reworked\server source\dataserver\release\dataserver_ex603\dataserver.tlog\rc.command.1.tlog
d:\usuarios\jgenoss\documents\github\muemu-reworked\server source\dataserver\release\dataserver_ex603\dataserver.tlog\rc.read.1.tlog
d:\usuarios\jgenoss\documents\github\muemu-reworked\server source\dataserver\release\dataserver_ex603\dataserver.tlog\rc.write.1.tlog
