  Common.cpp
  CustomFog.cpp
  CustomInterface.cpp
  CustomMessage.cpp
D:\Usuarios\JGENOSS\Documents\GitHub\MuEMU-Reworked\Tools Source\Main\Import.h(180,9): warning C4005: 'pGetTextLine': redefinición de macro
  (compilando archivo de origen "/CustomFog.cpp")
      D:\Usuarios\JGENOSS\Documents\GitHub\MuEMU-Reworked\Tools Source\Main\Import.h(54,9):
      vea la definición anterior de “pGetTextLine”
  
D:\Usuarios\JGENOSS\Documents\GitHub\MuEMU-Reworked\Tools Source\Main\CustomFog.cpp(7,10): error C1083: No se puede abrir el archivo incluir: 'TMemory.h': No such file or directory
  (compilando archivo de origen "/CustomFog.cpp")
  
D:\Usuarios\JGENOSS\Documents\GitHub\MuEMU-Reworked\Tools Source\Main\Import.h(180,9): warning C4005: 'pGetTextLine': redefinición de macro
  (compilando archivo de origen "/CustomInterface.cpp")
      D:\Usuarios\JGENOSS\Documents\GitHub\MuEMU-Reworked\Tools Source\Main\Import.h(54,9):
      vea la definición anterior de “pGetTextLine”
  
D:\Usuarios\JGENOSS\Documents\GitHub\MuEMU-Reworked\Tools Source\Main\CustomInterface.cpp(6,10): error C1083: No se puede abrir el archivo incluir: 'Object.h': No such file or directory
  (compilando archivo de origen "/CustomInterface.cpp")
  
  CustomPing.cpp
  Graphics.cpp
D:\Usuarios\JGENOSS\Documents\GitHub\MuEMU-Reworked\Tools Source\Main\Import.h(180,9): warning C4005: 'pGetTextLine': redefinición de macro
  (compilando archivo de origen "/Graphics.cpp")
      D:\Usuarios\JGENOSS\Documents\GitHub\MuEMU-Reworked\Tools Source\Main\Import.h(54,9):
      vea la definición anterior de “pGetTextLine”
  
D:\Usuarios\JGENOSS\Documents\GitHub\MuEMU-Reworked\Tools Source\Main\Graphics.cpp(121,53): warning C4244: 'argumento': conversión de 'double' a 'GLint'; posible pérdida de datos
  (compilando archivo de origen "/Graphics.cpp")
  
  HackCheck.cpp
  Interface.cpp
D:\Usuarios\JGENOSS\Documents\GitHub\MuEMU-Reworked\Tools Source\Main\Interface.cpp(4,10): error C1083: No se puede abrir el archivo incluir: 'CustomCommandInfo.h': No such file or directory
  (compilando archivo de origen "/Interface.cpp")
  
  Item.cpp
  Main.cpp
  PrintPlayer.cpp
  Protocol.cpp
  Reconnect.cpp
  Resolution.cpp
