d:\usuarios\jgenoss\documents\github\muemu-reworked\tools source\main\release\main.pch
d:\usuarios\jgenoss\documents\github\muemu-reworked\tools source\main\release\vc143.pdb
d:\usuarios\jgenoss\documents\github\muemu-reworked\tools source\main\release\stdafx.obj
d:\usuarios\jgenoss\documents\github\muemu-reworked\tools source\main\release\util.obj
d:\usuarios\jgenoss\documents\github\muemu-reworked\tools source\main\release\resolution.obj
d:\usuarios\jgenoss\documents\github\muemu-reworked\tools source\main\release\reconnect.obj
d:\usuarios\jgenoss\documents\github\muemu-reworked\tools source\main\release\protocol.obj
d:\usuarios\jgenoss\documents\github\muemu-reworked\tools source\main\release\protect.obj
d:\usuarios\jgenoss\documents\github\muemu-reworked\tools source\main\release\printplayer.obj
d:\usuarios\jgenoss\documents\github\muemu-reworked\tools source\main\release\packetmanager.obj
d:\usuarios\jgenoss\documents\github\muemu-reworked\tools source\main\release\main.obj
d:\usuarios\jgenoss\documents\github\muemu-reworked\tools source\main\release\item.obj
d:\usuarios\jgenoss\documents\github\muemu-reworked\tools source\main\release\healthbar.obj
d:\usuarios\jgenoss\documents\github\muemu-reworked\tools source\main\release\hackcheck.obj
d:\usuarios\jgenoss\documents\github\muemu-reworked\tools source\main\release\customwingeffect.obj
d:\usuarios\jgenoss\documents\github\muemu-reworked\tools source\main\release\customwing.obj
d:\usuarios\jgenoss\documents\github\muemu-reworked\tools source\main\release\custommessage.obj
d:\usuarios\jgenoss\documents\github\muemu-reworked\tools source\main\release\customjewel.obj
d:\usuarios\jgenoss\documents\github\muemu-reworked\tools source\main\release\customitem.obj
d:\usuarios\jgenoss\documents\github\muemu-reworked\tools source\main\release\common.obj
d:\usuarios\jgenoss\documents\github\muemu-reworked\tools source\main\release\ccrc32.obj
d:\usuarios\jgenoss\documents\github\muemu-reworked\tools source\release\main.dll
d:\usuarios\jgenoss\documents\github\muemu-reworked\tools source\release\main.pdb
d:\usuarios\jgenoss\documents\github\muemu-reworked\tools source\main\release\main.res
d:\usuarios\jgenoss\documents\github\muemu-reworked\tools source\release\main.lib
d:\usuarios\jgenoss\documents\github\muemu-reworked\tools source\release\main.exp
d:\usuarios\jgenoss\documents\github\muemu-reworked\tools source\main\release\main.ipdb
d:\usuarios\jgenoss\documents\github\muemu-reworked\tools source\main\release\main.iobj
d:\usuarios\jgenoss\documents\github\muemu-reworked\tools source\main\release\main.tlog\cl.command.1.tlog
d:\usuarios\jgenoss\documents\github\muemu-reworked\tools source\main\release\main.tlog\cl.items.tlog
d:\usuarios\jgenoss\documents\github\muemu-reworked\tools source\main\release\main.tlog\cl.read.1.tlog
d:\usuarios\jgenoss\documents\github\muemu-reworked\tools source\main\release\main.tlog\cl.write.1.tlog
d:\usuarios\jgenoss\documents\github\muemu-reworked\tools source\main\release\main.tlog\link.command.1.tlog
d:\usuarios\jgenoss\documents\github\muemu-reworked\tools source\main\release\main.tlog\link.read.1.tlog
d:\usuarios\jgenoss\documents\github\muemu-reworked\tools source\main\release\main.tlog\link.secondary.1.tlog
d:\usuarios\jgenoss\documents\github\muemu-reworked\tools source\main\release\main.tlog\link.write.1.tlog
d:\usuarios\jgenoss\documents\github\muemu-reworked\tools source\main\release\main.tlog\rc.command.1.tlog
d:\usuarios\jgenoss\documents\github\muemu-reworked\tools source\main\release\main.tlog\rc.read.1.tlog
d:\usuarios\jgenoss\documents\github\muemu-reworked\tools source\main\release\main.tlog\rc.write.1.tlog
