  stdafx.cpp
  MD5.cpp
  AccountManager.cpp
  AllowableIpList.cpp
  CriticalSection.cpp
  JoinServer.cpp
  JoinServerProtocol.cpp
  Log.cpp
  MemScript.cpp
  MiniDump.cpp
  QueryManager.cpp
  Queue.cpp
  ServerDisplayer.cpp
  ServerManager.cpp
  SocketManager.cpp
  SocketManagerUdp.cpp
  Util.cpp
  Generando código
  Previous IPDB not found, fall back to full compilation.
  All 594 functions were compiled because no usable IPDB/IOBJ from previous compilation was found.
  Generación de código finalizada
  JoinServer.vcxproj -> D:\Usuarios\JGENOSS\Documents\GitHub\MuEMU-Reworked\Server Source\Release\JoinServer_EX603\JoinServer.exe
