d:\usuarios\jgenoss\documents\github\muemu-reworked\server source\joinserver\release\joinserver_ex603\joinserver.pch
d:\usuarios\jgenoss\documents\github\muemu-reworked\server source\joinserver\release\joinserver_ex603\vc143.pdb
d:\usuarios\jgenoss\documents\github\muemu-reworked\server source\joinserver\release\joinserver_ex603\stdafx.obj
d:\usuarios\jgenoss\documents\github\muemu-reworked\server source\joinserver\release\joinserver_ex603\util.obj
d:\usuarios\jgenoss\documents\github\muemu-reworked\server source\joinserver\release\joinserver_ex603\socketmanagerudp.obj
d:\usuarios\jgenoss\documents\github\muemu-reworked\server source\joinserver\release\joinserver_ex603\socketmanager.obj
d:\usuarios\jgenoss\documents\github\muemu-reworked\server source\joinserver\release\joinserver_ex603\servermanager.obj
d:\usuarios\jgenoss\documents\github\muemu-reworked\server source\joinserver\release\joinserver_ex603\serverdisplayer.obj
d:\usuarios\jgenoss\documents\github\muemu-reworked\server source\joinserver\release\joinserver_ex603\queue.obj
d:\usuarios\jgenoss\documents\github\muemu-reworked\server source\joinserver\release\joinserver_ex603\querymanager.obj
d:\usuarios\jgenoss\documents\github\muemu-reworked\server source\joinserver\release\joinserver_ex603\minidump.obj
d:\usuarios\jgenoss\documents\github\muemu-reworked\server source\joinserver\release\joinserver_ex603\memscript.obj
d:\usuarios\jgenoss\documents\github\muemu-reworked\server source\joinserver\release\joinserver_ex603\log.obj
d:\usuarios\jgenoss\documents\github\muemu-reworked\server source\joinserver\release\joinserver_ex603\joinserverprotocol.obj
d:\usuarios\jgenoss\documents\github\muemu-reworked\server source\joinserver\release\joinserver_ex603\joinserver.obj
d:\usuarios\jgenoss\documents\github\muemu-reworked\server source\joinserver\release\joinserver_ex603\criticalsection.obj
d:\usuarios\jgenoss\documents\github\muemu-reworked\server source\joinserver\release\joinserver_ex603\allowableiplist.obj
d:\usuarios\jgenoss\documents\github\muemu-reworked\server source\joinserver\release\joinserver_ex603\accountmanager.obj
d:\usuarios\jgenoss\documents\github\muemu-reworked\server source\joinserver\release\joinserver_ex603\md5.obj
d:\usuarios\jgenoss\documents\github\muemu-reworked\server source\release\joinserver_ex603\joinserver.exe
d:\usuarios\jgenoss\documents\github\muemu-reworked\server source\release\joinserver_ex603\joinserver.pdb
d:\usuarios\jgenoss\documents\github\muemu-reworked\server source\joinserver\release\joinserver_ex603\joinserver.res
d:\usuarios\jgenoss\documents\github\muemu-reworked\server source\joinserver\release\joinserver_ex603\joinserver.ipdb
d:\usuarios\jgenoss\documents\github\muemu-reworked\server source\joinserver\release\joinserver_ex603\joinserver.iobj
d:\usuarios\jgenoss\documents\github\muemu-reworked\server source\joinserver\release\joinserver_ex603\joinserver.tlog\cl.command.1.tlog
d:\usuarios\jgenoss\documents\github\muemu-reworked\server source\joinserver\release\joinserver_ex603\joinserver.tlog\cl.items.tlog
d:\usuarios\jgenoss\documents\github\muemu-reworked\server source\joinserver\release\joinserver_ex603\joinserver.tlog\cl.read.1.tlog
d:\usuarios\jgenoss\documents\github\muemu-reworked\server source\joinserver\release\joinserver_ex603\joinserver.tlog\cl.write.1.tlog
d:\usuarios\jgenoss\documents\github\muemu-reworked\server source\joinserver\release\joinserver_ex603\joinserver.tlog\link.command.1.tlog
d:\usuarios\jgenoss\documents\github\muemu-reworked\server source\joinserver\release\joinserver_ex603\joinserver.tlog\link.read.1.tlog
d:\usuarios\jgenoss\documents\github\muemu-reworked\server source\joinserver\release\joinserver_ex603\joinserver.tlog\link.secondary.1.tlog
d:\usuarios\jgenoss\documents\github\muemu-reworked\server source\joinserver\release\joinserver_ex603\joinserver.tlog\link.write.1.tlog
d:\usuarios\jgenoss\documents\github\muemu-reworked\server source\joinserver\release\joinserver_ex603\joinserver.tlog\rc.command.1.tlog
d:\usuarios\jgenoss\documents\github\muemu-reworked\server source\joinserver\release\joinserver_ex603\joinserver.tlog\rc.read.1.tlog
d:\usuarios\jgenoss\documents\github\muemu-reworked\server source\joinserver\release\joinserver_ex603\joinserver.tlog\rc.write.1.tlog
