  stdafx.cpp
  ClientManager.cpp
  ConnectServer.cpp
  ConnectServerProtocol.cpp
  CriticalSection.cpp
  IpManager.cpp
  Log.cpp
  MemScript.cpp
  MiniDump.cpp
  Queue.cpp
  ServerDisplayer.cpp
  ServerList.cpp
  SocketManager.cpp
  SocketManagerUdp.cpp
  Util.cpp
  Generando código
  Previous IPDB not found, fall back to full compilation.
  All 519 functions were compiled because no usable IPDB/IOBJ from previous compilation was found.
  Generación de código finalizada
  ConnectServer.vcxproj -> D:\Usuarios\JGENOSS\Documents\GitHub\MuEMU-Reworked\Server Source\Release\ConnectServer_EX603\ConnectServer.exe
